SF:lib/api/apiUrl.dart
DA:24,0
DA:27,0
DA:38,0
DA:43,0
LF:4
LH:0
end_of_record
SF:lib/dataSource/remote/userDataSource.dart
DA:17,1
DA:22,1
DA:23,3
DA:27,2
DA:28,2
DA:29,2
DA:30,1
DA:36,0
DA:37,0
DA:41,0
DA:42,0
DA:43,0
DA:44,0
DA:56,1
DA:59,3
DA:60,1
DA:61,1
DA:62,1
DA:63,1
DA:64,1
DA:65,1
DA:66,1
DA:71,0
DA:72,0
DA:74,0
DA:77,1
DA:83,1
DA:85,2
DA:86,2
DA:87,1
DA:88,2
DA:98,1
DA:103,0
DA:104,0
DA:105,0
DA:106,0
DA:111,2
DA:112,1
DA:113,1
DA:114,1
DA:115,1
DA:120,2
DA:121,2
DA:122,1
DA:124,0
DA:134,1
DA:136,2
DA:137,2
DA:138,1
DA:139,2
DA:149,0
DA:151,0
DA:152,0
DA:153,0
DA:156,0
DA:157,0
DA:158,0
DA:160,0
DA:170,0
DA:172,0
DA:173,0
DA:174,0
DA:175,0
DA:177,0
DA:178,0
DA:180,0
DA:182,0
DA:187,0
DA:189,0
DA:190,0
DA:191,0
DA:192,0
DA:194,0
DA:195,0
DA:197,0
DA:199,0
DA:204,0
DA:206,0
DA:207,0
DA:208,0
DA:212,0
LF:81
LH:36
end_of_record
SF:lib/models/parkingSlot.dart
DA:28,0
DA:38,0
DA:39,0
DA:41,0
LF:4
LH:0
end_of_record
SF:lib/models/parkingSlot.g.dart
DA:9,0
DA:10,0
DA:11,0
DA:12,0
DA:13,0
DA:14,0
DA:15,0
DA:16,0
DA:17,0
DA:18,0
DA:19,0
DA:22,0
DA:23,0
DA:24,0
DA:25,0
DA:26,0
DA:27,0
DA:28,0
DA:29,0
DA:30,0
DA:31,0
DA:32,0
DA:33,0
LF:23
LH:0
end_of_record
SF:lib/models/transacation.dart
DA:14,0
DA:17,0
DA:18,0
LF:3
LH:0
end_of_record
SF:lib/models/transacation.g.dart
DA:9,0
DA:11,0
DA:12,0
DA:13,0
DA:14,0
DA:15,0
DA:16,0
DA:17,0
DA:19,0
DA:21,0
DA:22,0
DA:23,0
DA:24,0
DA:25,0
DA:26,0
DA:27,0
LF:16
LH:0
end_of_record
SF:lib/models/user.dart
DA:27,1
DA:39,2
DA:41,0
LF:3
LH:2
end_of_record
SF:lib/models/user.g.dart
DA:9,2
DA:10,1
DA:11,1
DA:12,1
DA:13,1
DA:14,1
DA:15,1
DA:16,1
DA:17,1
DA:18,1
DA:19,1
DA:22,0
DA:23,0
DA:24,0
DA:25,0
DA:26,0
DA:27,0
DA:28,0
DA:29,0
DA:30,0
DA:31,0
DA:32,0
LF:22
LH:11
end_of_record
SF:lib/models/vehicleCategory.dart
DA:22,0
DA:25,0
DA:26,0
DA:28,0
LF:4
LH:0
end_of_record
SF:lib/models/vehicleCategory.g.dart
DA:9,0
DA:10,0
DA:11,0
DA:12,0
DA:13,0
DA:14,0
DA:15,0
DA:16,0
DA:19,0
DA:20,0
DA:21,0
DA:22,0
DA:23,0
DA:24,0
LF:14
LH:0
end_of_record
SF:lib/repository/parkingslotRepo.dart
DA:12,1
DA:16,1
DA:18,0
DA:20,1
DA:23,0
DA:25,0
DA:27,0
DA:28,0
DA:33,0
DA:35,0
DA:37,0
LF:11
LH:3
end_of_record
SF:lib/repository/transactionRepo.dart
DA:11,1
DA:14,1
DA:16,0
DA:18,1
DA:21,0
DA:24,0
DA:26,0
DA:27,0
LF:8
LH:3
end_of_record
SF:lib/repository/userRepo.dart
DA:23,0
DA:25,0
DA:28,0
DA:30,0
DA:33,0
DA:37,0
DA:39,0
DA:43,0
DA:46,0
DA:48,0
DA:49,0
DA:51,0
DA:55,0
DA:57,0
DA:59,0
DA:65,0
DA:67,0
DA:69,0
DA:74,1
DA:78,1
DA:80,0
DA:82,1
DA:85,1
DA:89,1
DA:91,0
DA:93,1
DA:96,0
DA:98,0
DA:100,0
LF:29
LH:6
end_of_record
SF:lib/repository/vehicleRepo.dart
DA:10,1
DA:14,1
DA:16,0
DA:18,1
LF:4
LH:3
end_of_record
SF:lib/api/httpServices.dart
DA:6,3
DA:7,2
DA:8,1
DA:21,1
DA:22,2
DA:23,1
DA:25,1
DA:26,1
DA:27,1
DA:30,4
DA:32,1
LF:11
LH:11
end_of_record
SF:lib/api/networkConnectivity.dart
DA:4,1
DA:7,2
DA:8,0
DA:9,0
DA:15,1
LF:5
LH:3
end_of_record
SF:lib/dataSource/local/userDataSource.dart
DA:6,0
DA:8,0
DA:10,0
DA:16,0
DA:18,0
DA:20,0
DA:24,0
DA:26,0
DA:29,0
LF:9
LH:0
end_of_record
SF:lib/objectBox/objectBox.dart
DA:15,0
DA:16,0
DA:17,0
DA:18,0
DA:19,0
DA:22,0
DA:23,0
DA:24,0
DA:25,0
DA:29,0
DA:30,0
DA:33,0
DA:35,0
DA:38,0
DA:39,0
DA:40,0
DA:41,0
DA:42,0
DA:43,0
LF:19
LH:0
end_of_record
SF:lib/dataSource/remote/parkingslotDataSourse.dart
DA:11,0
DA:13,0
DA:14,0
DA:15,0
DA:16,0
DA:18,0
DA:19,0
DA:21,0
DA:23,0
DA:24,0
DA:29,0
DA:31,0
DA:32,0
DA:33,0
DA:34,0
DA:44,0
DA:46,0
DA:47,0
DA:48,0
DA:50,0
LF:20
LH:0
end_of_record
SF:lib/dataSource/remote/response/parkingSlot/parkingSlotResponse.dart
DA:9,0
DA:11,0
DA:12,0
DA:14,0
LF:4
LH:0
end_of_record
SF:lib/dataSource/remote/response/parkingSlot/parkingSlotResponse.g.dart
DA:9,0
DA:10,0
DA:11,0
DA:12,0
DA:13,0
DA:16,0
DA:18,0
DA:19,0
LF:8
LH:0
end_of_record
SF:lib/dataSource/remote/response/login/login_response.dart
DA:12,1
DA:14,1
DA:15,1
DA:17,0
LF:4
LH:3
end_of_record
SF:lib/dataSource/remote/response/login/login_response.g.dart
DA:9,1
DA:10,1
DA:11,1
DA:13,2
DA:14,1
DA:15,1
DA:16,1
DA:19,0
DA:20,0
DA:21,0
DA:22,0
DA:23,0
DA:24,0
LF:13
LH:7
end_of_record
SF:lib/dataSource/remote/response/transaction/responseTransaction.dart
DA:9,0
DA:11,0
DA:12,0
DA:14,0
LF:4
LH:0
end_of_record
SF:lib/dataSource/remote/response/transaction/responseTransaction.g.dart
DA:9,0
DA:11,0
DA:12,0
DA:13,0
DA:14,0
DA:15,0
DA:18,0
DA:20,0
DA:21,0
LF:9
LH:0
end_of_record
SF:lib/dataSource/remote/response/vehicle/vehicle_response.dart
DA:9,0
DA:11,0
DA:12,0
DA:14,0
LF:4
LH:0
end_of_record
SF:lib/dataSource/remote/response/vehicle/vehicle_response.g.dart
DA:9,0
DA:10,0
DA:11,0
DA:12,0
DA:13,0
DA:16,0
DA:17,0
DA:18,0
LF:8
LH:0
end_of_record
SF:lib/dataSource/remote/transactionDataSource.dart
DA:11,0
DA:13,0
DA:15,0
DA:16,0
DA:18,0
DA:20,0
DA:21,0
DA:22,0
DA:24,0
DA:26,0
DA:27,0
DA:32,0
DA:34,0
DA:35,0
DA:36,0
DA:37,0
DA:38,0
DA:39,0
DA:42,0
DA:43,0
DA:44,0
DA:47,0
DA:52,0
LF:23
LH:0
end_of_record
SF:lib/dataSource/remote/vehicleDataSource.dart
DA:10,0
DA:12,0
DA:14,0
DA:16,0
DA:18,0
DA:19,0
DA:21,0
DA:23,0
DA:24,0
LF:9
LH:0
end_of_record
SF:lib/models/floor.dart
DA:24,0
DA:26,0
DA:28,0
LF:3
LH:0
end_of_record
SF:lib/models/floor.g.dart
DA:9,0
DA:10,0
DA:11,0
DA:12,0
DA:13,0
DA:14,0
DA:15,0
DA:18,0
DA:19,0
DA:20,0
DA:21,0
DA:22,0
LF:12
LH:0
end_of_record
